<?xml version="1.0" encoding="UTF-8"?>
<testsuite name="ReservationControllerTest" tests="8" skipped="0" failures="0" errors="0" timestamp="2025-02-05T08:03:30" hostname="DESKTOP-619298R" time="0.089">
  <properties/>
  <testcase name="testCancelReservationNotExist()" classname="ReservationControllerTest" time="0.024"/>
  <testcase name="testGetAvailableWashers()" classname="ReservationControllerTest" time="0.002"/>
  <testcase name="testAddReservationWasherNotAvailable()" classname="ReservationControllerTest" time="0.007"/>
  <testcase name="testModifyReservationCannotModify()" classname="ReservationControllerTest" time="0.031"/>
  <testcase name="testModifyReservation()" classname="ReservationControllerTest" time="0.006"/>
  <testcase name="testIsWasherAvailable()" classname="ReservationControllerTest" time="0.002"/>
  <testcase name="testAddReservationSuccess()" classname="ReservationControllerTest" time="0.003"/>
  <testcase name="testCancelReservation()" classname="ReservationControllerTest" time="0.004"/>
  <system-out><![CDATA[La prenotazione non esiste!
Lavatrice non disponibile!
Prenotazioni salvate con successo su reservation.txt
Non Ã¨ possibile modificare la prenotazione (fuori tempo massimo).
Prenotazioni salvate con successo su reservation.txt
Prenotazione modificata con successo!
Prenotazioni salvate con successo su reservation.txt
Prenotazioni salvate con successo su reservation.txt
Prenotazioni salvate con successo su reservation.txt
Prenotazioni salvate con successo su reservation.txt
Prenotazioni salvate con successo su reservation.txt
]]></system-out>
  <system-err><![CDATA[]]></system-err>
</testsuite>
